[ 25.10.2021 - 16:23:26 ]
    (MSG) [2] SMILEapi: openSMILE starting!
[ 25.10.2021 - 16:23:26 ]
    (MSG) [2] SMILEapi: config file is: F:\Virang ka Kaam\Automated-EQ\env\Lib\site-packages\opensmile\core\config\egemaps/v02/eGeMAPSv02.conf
[ 25.10.2021 - 16:23:26 ]
    (MSG) [2] cComponentManager: successfully registered 103 component types.
[ 25.10.2021 - 16:23:26 ]
    (MSG) [2] instance 'gemapsv01b_logSpectral': logSpecFloor = -140.00  (specFloor = 1.000000e-14)
[ 25.10.2021 - 16:23:26 ]
    (MSG) [2] instance 'egemapsv02_logSpectral_flux': logSpecFloor = -140.00  (specFloor = 1.000000e-14)
[ 25.10.2021 - 16:23:26 ]
    (MSG) [2] cComponentManager: successfully finished createInstances (73 component instances were finalised, 1 data memories were finalised)
[ 25.10.2021 - 16:23:26 ]
    (MSG) [2] cComponentManager: starting single thread processing loop
[ 25.10.2021 - 16:23:26 ]
    (WRN) [2] cComponentManager: The following component(s) could not perform any work because destination levels are full but no other component performed any work either: egemapsv02_smoE. Processing will possibly be incomplete. For more details, enable the execDebug option of cComponentManager.
[ 25.10.2021 - 16:23:26 ]
    (WRN) [2] cComponentManager: The following component(s) could not perform any work because destination levels are full but no other component performed any work either: egemapsv02_smoE. Processing will possibly be incomplete. For more details, enable the execDebug option of cComponentManager.
[ 25.10.2021 - 16:23:26 ]
    (WRN) [2] cComponentManager: The following component(s) could not perform any work because destination levels are full but no other component performed any work either: egemapsv02_smoE. Processing will possibly be incomplete. For more details, enable the execDebug option of cComponentManager.
[ 25.10.2021 - 16:23:26 ]
    (MSG) [2] cComponentManager: Processing finished! System ran for 199 ticks.
